[2023-05-16 15:20:25,224][arguments][INFO] - Running on DN0a2415f2.SUNet
[2023-05-16 15:20:26,995][datasets.builder][INFO] - No config specified, defaulting to the single config: openwebtext-10k/plain_text
[2023-05-16 15:20:26,996][datasets.info][INFO] - Loading Dataset Infos from /Users/jan-philippfranken/.cache/huggingface/modules/datasets_modules/datasets/stas--openwebtext-10k/3a8df094c671b4cb63ed0b41f40fb3bd855e9ce2e3765e5df50abcdfb5ec144b
[2023-05-16 15:20:26,997][datasets.builder][INFO] - Overwrite dataset info from restored data version.
[2023-05-16 15:20:26,998][datasets.info][INFO] - Loading Dataset info from .cache/stas___openwebtext-10k/plain_text/1.0.0/3a8df094c671b4cb63ed0b41f40fb3bd855e9ce2e3765e5df50abcdfb5ec144b
[2023-05-16 15:20:27,006][datasets.builder][WARNING] - Found cached dataset openwebtext-10k (/Users/jan-philippfranken/Documents/research/postdoc/ctx-cmp-2023/github-repo/ctx-cmp-2023-local/src/.cache/stas___openwebtext-10k/plain_text/1.0.0/3a8df094c671b4cb63ed0b41f40fb3bd855e9ce2e3765e5df50abcdfb5ec144b)
[2023-05-16 15:20:27,006][datasets.info][INFO] - Loading Dataset info from /Users/jan-philippfranken/Documents/research/postdoc/ctx-cmp-2023/github-repo/ctx-cmp-2023-local/src/.cache/stas___openwebtext-10k/plain_text/1.0.0/3a8df094c671b4cb63ed0b41f40fb3bd855e9ce2e3765e5df50abcdfb5ec144b
[2023-05-16 15:20:27,023][datasets.arrow_dataset][WARNING] - Loading cached shuffled indices for dataset at /Users/jan-philippfranken/Documents/research/postdoc/ctx-cmp-2023/github-repo/ctx-cmp-2023-local/src/.cache/stas___openwebtext-10k/plain_text/1.0.0/3a8df094c671b4cb63ed0b41f40fb3bd855e9ce2e3765e5df50abcdfb5ec144b/cache-c870dfed610e27af.arrow
[2023-05-16 15:20:27,029][datasets.arrow_dataset][WARNING] - Loading cached split indices for dataset at /Users/jan-philippfranken/Documents/research/postdoc/ctx-cmp-2023/github-repo/ctx-cmp-2023-local/src/.cache/stas___openwebtext-10k/plain_text/1.0.0/3a8df094c671b4cb63ed0b41f40fb3bd855e9ce2e3765e5df50abcdfb5ec144b/cache-e40662d4fa7192f3.arrow and /Users/jan-philippfranken/Documents/research/postdoc/ctx-cmp-2023/github-repo/ctx-cmp-2023-local/src/.cache/stas___openwebtext-10k/plain_text/1.0.0/3a8df094c671b4cb63ed0b41f40fb3bd855e9ce2e3765e5df50abcdfb5ec144b/cache-b31ad93e4a780d8b.arrow
[2023-05-16 15:20:27,056][datasets.arrow_dataset][INFO] - Process #0 will write at /Users/jan-philippfranken/Documents/research/postdoc/ctx-cmp-2023/github-repo/ctx-cmp-2023-local/src/.cache/stas___openwebtext-10k/plain_text/1.0.0/3a8df094c671b4cb63ed0b41f40fb3bd855e9ce2e3765e5df50abcdfb5ec144b/cache-f35b000f588a1bc5_00000_of_00004.arrow
[2023-05-16 15:20:27,056][datasets.arrow_dataset][INFO] - Process #1 will write at /Users/jan-philippfranken/Documents/research/postdoc/ctx-cmp-2023/github-repo/ctx-cmp-2023-local/src/.cache/stas___openwebtext-10k/plain_text/1.0.0/3a8df094c671b4cb63ed0b41f40fb3bd855e9ce2e3765e5df50abcdfb5ec144b/cache-f35b000f588a1bc5_00001_of_00004.arrow
[2023-05-16 15:20:27,056][datasets.arrow_dataset][INFO] - Process #2 will write at /Users/jan-philippfranken/Documents/research/postdoc/ctx-cmp-2023/github-repo/ctx-cmp-2023-local/src/.cache/stas___openwebtext-10k/plain_text/1.0.0/3a8df094c671b4cb63ed0b41f40fb3bd855e9ce2e3765e5df50abcdfb5ec144b/cache-f35b000f588a1bc5_00002_of_00004.arrow
[2023-05-16 15:20:27,056][datasets.arrow_dataset][INFO] - Process #3 will write at /Users/jan-philippfranken/Documents/research/postdoc/ctx-cmp-2023/github-repo/ctx-cmp-2023-local/src/.cache/stas___openwebtext-10k/plain_text/1.0.0/3a8df094c671b4cb63ed0b41f40fb3bd855e9ce2e3765e5df50abcdfb5ec144b/cache-f35b000f588a1bc5_00003_of_00004.arrow
[2023-05-16 15:20:27,065][datasets.arrow_dataset][INFO] - Spawning 4 processes
[2023-05-16 15:20:27,245][datasets.arrow_dataset][INFO] - Caching processed dataset at /Users/jan-philippfranken/Documents/research/postdoc/ctx-cmp-2023/github-repo/ctx-cmp-2023-local/src/.cache/stas___openwebtext-10k/plain_text/1.0.0/3a8df094c671b4cb63ed0b41f40fb3bd855e9ce2e3765e5df50abcdfb5ec144b/cache-f35b000f588a1bc5_00000_of_00004.arrow
[2023-05-16 15:20:27,248][datasets.arrow_dataset][INFO] - Caching processed dataset at /Users/jan-philippfranken/Documents/research/postdoc/ctx-cmp-2023/github-repo/ctx-cmp-2023-local/src/.cache/stas___openwebtext-10k/plain_text/1.0.0/3a8df094c671b4cb63ed0b41f40fb3bd855e9ce2e3765e5df50abcdfb5ec144b/cache-f35b000f588a1bc5_00001_of_00004.arrow
[2023-05-16 15:20:27,254][datasets.arrow_dataset][INFO] - Caching processed dataset at /Users/jan-philippfranken/Documents/research/postdoc/ctx-cmp-2023/github-repo/ctx-cmp-2023-local/src/.cache/stas___openwebtext-10k/plain_text/1.0.0/3a8df094c671b4cb63ed0b41f40fb3bd855e9ce2e3765e5df50abcdfb5ec144b/cache-f35b000f588a1bc5_00002_of_00004.arrow
[2023-05-16 15:20:27,283][datasets.arrow_dataset][INFO] - Caching processed dataset at /Users/jan-philippfranken/Documents/research/postdoc/ctx-cmp-2023/github-repo/ctx-cmp-2023-local/src/.cache/stas___openwebtext-10k/plain_text/1.0.0/3a8df094c671b4cb63ed0b41f40fb3bd855e9ce2e3765e5df50abcdfb5ec144b/cache-f35b000f588a1bc5_00003_of_00004.arrow
[2023-05-16 15:20:27,403][datasets.arrow_dataset][INFO] - Concatenating 4 shards
[2023-05-16 15:20:27,428][datasets.arrow_dataset][INFO] - Process #0 will write at /Users/jan-philippfranken/Documents/research/postdoc/ctx-cmp-2023/github-repo/ctx-cmp-2023-local/src/.cache/stas___openwebtext-10k/plain_text/1.0.0/3a8df094c671b4cb63ed0b41f40fb3bd855e9ce2e3765e5df50abcdfb5ec144b/cache-4d5be40e867ff89e_00000_of_00004.arrow
[2023-05-16 15:20:27,428][datasets.arrow_dataset][INFO] - Process #1 will write at /Users/jan-philippfranken/Documents/research/postdoc/ctx-cmp-2023/github-repo/ctx-cmp-2023-local/src/.cache/stas___openwebtext-10k/plain_text/1.0.0/3a8df094c671b4cb63ed0b41f40fb3bd855e9ce2e3765e5df50abcdfb5ec144b/cache-4d5be40e867ff89e_00001_of_00004.arrow
[2023-05-16 15:20:27,428][datasets.arrow_dataset][INFO] - Process #2 will write at /Users/jan-philippfranken/Documents/research/postdoc/ctx-cmp-2023/github-repo/ctx-cmp-2023-local/src/.cache/stas___openwebtext-10k/plain_text/1.0.0/3a8df094c671b4cb63ed0b41f40fb3bd855e9ce2e3765e5df50abcdfb5ec144b/cache-4d5be40e867ff89e_00002_of_00004.arrow
[2023-05-16 15:20:27,428][datasets.arrow_dataset][INFO] - Process #3 will write at /Users/jan-philippfranken/Documents/research/postdoc/ctx-cmp-2023/github-repo/ctx-cmp-2023-local/src/.cache/stas___openwebtext-10k/plain_text/1.0.0/3a8df094c671b4cb63ed0b41f40fb3bd855e9ce2e3765e5df50abcdfb5ec144b/cache-4d5be40e867ff89e_00003_of_00004.arrow
[2023-05-16 15:20:27,434][datasets.arrow_dataset][INFO] - Spawning 4 processes
[2023-05-16 15:20:27,541][datasets.arrow_dataset][INFO] - Caching processed dataset at /Users/jan-philippfranken/Documents/research/postdoc/ctx-cmp-2023/github-repo/ctx-cmp-2023-local/src/.cache/stas___openwebtext-10k/plain_text/1.0.0/3a8df094c671b4cb63ed0b41f40fb3bd855e9ce2e3765e5df50abcdfb5ec144b/cache-4d5be40e867ff89e_00001_of_00004.arrow
[2023-05-16 15:20:27,555][datasets.arrow_dataset][INFO] - Caching processed dataset at /Users/jan-philippfranken/Documents/research/postdoc/ctx-cmp-2023/github-repo/ctx-cmp-2023-local/src/.cache/stas___openwebtext-10k/plain_text/1.0.0/3a8df094c671b4cb63ed0b41f40fb3bd855e9ce2e3765e5df50abcdfb5ec144b/cache-4d5be40e867ff89e_00000_of_00004.arrow
[2023-05-16 15:20:27,564][datasets.arrow_dataset][INFO] - Caching processed dataset at /Users/jan-philippfranken/Documents/research/postdoc/ctx-cmp-2023/github-repo/ctx-cmp-2023-local/src/.cache/stas___openwebtext-10k/plain_text/1.0.0/3a8df094c671b4cb63ed0b41f40fb3bd855e9ce2e3765e5df50abcdfb5ec144b/cache-4d5be40e867ff89e_00002_of_00004.arrow
[2023-05-16 15:20:27,587][datasets.arrow_dataset][INFO] - Caching processed dataset at /Users/jan-philippfranken/Documents/research/postdoc/ctx-cmp-2023/github-repo/ctx-cmp-2023-local/src/.cache/stas___openwebtext-10k/plain_text/1.0.0/3a8df094c671b4cb63ed0b41f40fb3bd855e9ce2e3765e5df50abcdfb5ec144b/cache-4d5be40e867ff89e_00003_of_00004.arrow
[2023-05-16 15:20:27,658][datasets.arrow_dataset][INFO] - Concatenating 4 shards
