[2023-05-16 15:22:01,003][arguments][INFO] - Running on DN0a2415f2.SUNet
[2023-05-16 15:22:02,898][datasets.builder][INFO] - No config specified, defaulting to the single config: openwebtext-10k/plain_text
[2023-05-16 15:22:02,898][datasets.info][INFO] - Loading Dataset Infos from /Users/jan-philippfranken/.cache/huggingface/modules/datasets_modules/datasets/stas--openwebtext-10k/3a8df094c671b4cb63ed0b41f40fb3bd855e9ce2e3765e5df50abcdfb5ec144b
[2023-05-16 15:22:02,899][datasets.builder][INFO] - Overwrite dataset info from restored data version.
[2023-05-16 15:22:02,900][datasets.info][INFO] - Loading Dataset info from .cache/stas___openwebtext-10k/plain_text/1.0.0/3a8df094c671b4cb63ed0b41f40fb3bd855e9ce2e3765e5df50abcdfb5ec144b
[2023-05-16 15:22:02,904][datasets.builder][WARNING] - Found cached dataset openwebtext-10k (/Users/jan-philippfranken/Documents/research/postdoc/ctx-cmp-2023/github-repo/ctx-cmp-2023-local/src/.cache/stas___openwebtext-10k/plain_text/1.0.0/3a8df094c671b4cb63ed0b41f40fb3bd855e9ce2e3765e5df50abcdfb5ec144b)
[2023-05-16 15:22:02,904][datasets.info][INFO] - Loading Dataset info from /Users/jan-philippfranken/Documents/research/postdoc/ctx-cmp-2023/github-repo/ctx-cmp-2023-local/src/.cache/stas___openwebtext-10k/plain_text/1.0.0/3a8df094c671b4cb63ed0b41f40fb3bd855e9ce2e3765e5df50abcdfb5ec144b
[2023-05-16 15:22:02,916][datasets.arrow_dataset][WARNING] - Loading cached shuffled indices for dataset at /Users/jan-philippfranken/Documents/research/postdoc/ctx-cmp-2023/github-repo/ctx-cmp-2023-local/src/.cache/stas___openwebtext-10k/plain_text/1.0.0/3a8df094c671b4cb63ed0b41f40fb3bd855e9ce2e3765e5df50abcdfb5ec144b/cache-c870dfed610e27af.arrow
[2023-05-16 15:22:02,920][datasets.arrow_dataset][WARNING] - Loading cached split indices for dataset at /Users/jan-philippfranken/Documents/research/postdoc/ctx-cmp-2023/github-repo/ctx-cmp-2023-local/src/.cache/stas___openwebtext-10k/plain_text/1.0.0/3a8df094c671b4cb63ed0b41f40fb3bd855e9ce2e3765e5df50abcdfb5ec144b/cache-e40662d4fa7192f3.arrow and /Users/jan-philippfranken/Documents/research/postdoc/ctx-cmp-2023/github-repo/ctx-cmp-2023-local/src/.cache/stas___openwebtext-10k/plain_text/1.0.0/3a8df094c671b4cb63ed0b41f40fb3bd855e9ce2e3765e5df50abcdfb5ec144b/cache-b31ad93e4a780d8b.arrow
[2023-05-16 15:22:02,942][datasets.arrow_dataset][INFO] - Process #0 will write at /Users/jan-philippfranken/Documents/research/postdoc/ctx-cmp-2023/github-repo/ctx-cmp-2023-local/src/.cache/stas___openwebtext-10k/plain_text/1.0.0/3a8df094c671b4cb63ed0b41f40fb3bd855e9ce2e3765e5df50abcdfb5ec144b/cache-aeb4a50c3c389985_00000_of_00004.arrow
[2023-05-16 15:22:02,942][datasets.arrow_dataset][INFO] - Process #1 will write at /Users/jan-philippfranken/Documents/research/postdoc/ctx-cmp-2023/github-repo/ctx-cmp-2023-local/src/.cache/stas___openwebtext-10k/plain_text/1.0.0/3a8df094c671b4cb63ed0b41f40fb3bd855e9ce2e3765e5df50abcdfb5ec144b/cache-aeb4a50c3c389985_00001_of_00004.arrow
[2023-05-16 15:22:02,942][datasets.arrow_dataset][INFO] - Process #2 will write at /Users/jan-philippfranken/Documents/research/postdoc/ctx-cmp-2023/github-repo/ctx-cmp-2023-local/src/.cache/stas___openwebtext-10k/plain_text/1.0.0/3a8df094c671b4cb63ed0b41f40fb3bd855e9ce2e3765e5df50abcdfb5ec144b/cache-aeb4a50c3c389985_00002_of_00004.arrow
[2023-05-16 15:22:02,942][datasets.arrow_dataset][INFO] - Process #3 will write at /Users/jan-philippfranken/Documents/research/postdoc/ctx-cmp-2023/github-repo/ctx-cmp-2023-local/src/.cache/stas___openwebtext-10k/plain_text/1.0.0/3a8df094c671b4cb63ed0b41f40fb3bd855e9ce2e3765e5df50abcdfb5ec144b/cache-aeb4a50c3c389985_00003_of_00004.arrow
[2023-05-16 15:22:02,958][datasets.arrow_dataset][INFO] - Spawning 4 processes
[2023-05-16 15:22:03,190][datasets.arrow_dataset][INFO] - Caching processed dataset at /Users/jan-philippfranken/Documents/research/postdoc/ctx-cmp-2023/github-repo/ctx-cmp-2023-local/src/.cache/stas___openwebtext-10k/plain_text/1.0.0/3a8df094c671b4cb63ed0b41f40fb3bd855e9ce2e3765e5df50abcdfb5ec144b/cache-aeb4a50c3c389985_00000_of_00004.arrow
[2023-05-16 15:22:03,206][datasets.arrow_dataset][INFO] - Caching processed dataset at /Users/jan-philippfranken/Documents/research/postdoc/ctx-cmp-2023/github-repo/ctx-cmp-2023-local/src/.cache/stas___openwebtext-10k/plain_text/1.0.0/3a8df094c671b4cb63ed0b41f40fb3bd855e9ce2e3765e5df50abcdfb5ec144b/cache-aeb4a50c3c389985_00001_of_00004.arrow
[2023-05-16 15:22:03,211][datasets.arrow_dataset][INFO] - Caching processed dataset at /Users/jan-philippfranken/Documents/research/postdoc/ctx-cmp-2023/github-repo/ctx-cmp-2023-local/src/.cache/stas___openwebtext-10k/plain_text/1.0.0/3a8df094c671b4cb63ed0b41f40fb3bd855e9ce2e3765e5df50abcdfb5ec144b/cache-aeb4a50c3c389985_00002_of_00004.arrow
[2023-05-16 15:22:03,233][datasets.arrow_dataset][INFO] - Caching processed dataset at /Users/jan-philippfranken/Documents/research/postdoc/ctx-cmp-2023/github-repo/ctx-cmp-2023-local/src/.cache/stas___openwebtext-10k/plain_text/1.0.0/3a8df094c671b4cb63ed0b41f40fb3bd855e9ce2e3765e5df50abcdfb5ec144b/cache-aeb4a50c3c389985_00003_of_00004.arrow
[2023-05-16 15:22:03,370][datasets.arrow_dataset][INFO] - Concatenating 4 shards
[2023-05-16 15:22:03,394][datasets.arrow_dataset][INFO] - Process #0 will write at /Users/jan-philippfranken/Documents/research/postdoc/ctx-cmp-2023/github-repo/ctx-cmp-2023-local/src/.cache/stas___openwebtext-10k/plain_text/1.0.0/3a8df094c671b4cb63ed0b41f40fb3bd855e9ce2e3765e5df50abcdfb5ec144b/cache-05f758c3836bc479_00000_of_00004.arrow
[2023-05-16 15:22:03,394][datasets.arrow_dataset][INFO] - Process #1 will write at /Users/jan-philippfranken/Documents/research/postdoc/ctx-cmp-2023/github-repo/ctx-cmp-2023-local/src/.cache/stas___openwebtext-10k/plain_text/1.0.0/3a8df094c671b4cb63ed0b41f40fb3bd855e9ce2e3765e5df50abcdfb5ec144b/cache-05f758c3836bc479_00001_of_00004.arrow
[2023-05-16 15:22:03,394][datasets.arrow_dataset][INFO] - Process #2 will write at /Users/jan-philippfranken/Documents/research/postdoc/ctx-cmp-2023/github-repo/ctx-cmp-2023-local/src/.cache/stas___openwebtext-10k/plain_text/1.0.0/3a8df094c671b4cb63ed0b41f40fb3bd855e9ce2e3765e5df50abcdfb5ec144b/cache-05f758c3836bc479_00002_of_00004.arrow
[2023-05-16 15:22:03,394][datasets.arrow_dataset][INFO] - Process #3 will write at /Users/jan-philippfranken/Documents/research/postdoc/ctx-cmp-2023/github-repo/ctx-cmp-2023-local/src/.cache/stas___openwebtext-10k/plain_text/1.0.0/3a8df094c671b4cb63ed0b41f40fb3bd855e9ce2e3765e5df50abcdfb5ec144b/cache-05f758c3836bc479_00003_of_00004.arrow
[2023-05-16 15:22:03,403][datasets.arrow_dataset][INFO] - Spawning 4 processes
[2023-05-16 15:22:03,529][datasets.arrow_dataset][INFO] - Caching processed dataset at /Users/jan-philippfranken/Documents/research/postdoc/ctx-cmp-2023/github-repo/ctx-cmp-2023-local/src/.cache/stas___openwebtext-10k/plain_text/1.0.0/3a8df094c671b4cb63ed0b41f40fb3bd855e9ce2e3765e5df50abcdfb5ec144b/cache-05f758c3836bc479_00001_of_00004.arrow
[2023-05-16 15:22:03,544][datasets.arrow_dataset][INFO] - Caching processed dataset at /Users/jan-philippfranken/Documents/research/postdoc/ctx-cmp-2023/github-repo/ctx-cmp-2023-local/src/.cache/stas___openwebtext-10k/plain_text/1.0.0/3a8df094c671b4cb63ed0b41f40fb3bd855e9ce2e3765e5df50abcdfb5ec144b/cache-05f758c3836bc479_00000_of_00004.arrow
[2023-05-16 15:22:03,556][datasets.arrow_dataset][INFO] - Caching processed dataset at /Users/jan-philippfranken/Documents/research/postdoc/ctx-cmp-2023/github-repo/ctx-cmp-2023-local/src/.cache/stas___openwebtext-10k/plain_text/1.0.0/3a8df094c671b4cb63ed0b41f40fb3bd855e9ce2e3765e5df50abcdfb5ec144b/cache-05f758c3836bc479_00002_of_00004.arrow
[2023-05-16 15:22:03,585][datasets.arrow_dataset][INFO] - Caching processed dataset at /Users/jan-philippfranken/Documents/research/postdoc/ctx-cmp-2023/github-repo/ctx-cmp-2023-local/src/.cache/stas___openwebtext-10k/plain_text/1.0.0/3a8df094c671b4cb63ed0b41f40fb3bd855e9ce2e3765e5df50abcdfb5ec144b/cache-05f758c3836bc479_00003_of_00004.arrow
[2023-05-16 15:22:03,663][datasets.arrow_dataset][INFO] - Concatenating 4 shards
[2023-05-16 15:22:21,395][datasets.arrow_dataset][INFO] - Process #0 will write at /Users/jan-philippfranken/Documents/research/postdoc/ctx-cmp-2023/github-repo/ctx-cmp-2023-local/src/.cache/stas___openwebtext-10k/plain_text/1.0.0/3a8df094c671b4cb63ed0b41f40fb3bd855e9ce2e3765e5df50abcdfb5ec144b/cache-0556692ef34f22f4_00000_of_00004.arrow
[2023-05-16 15:22:21,395][datasets.arrow_dataset][INFO] - Process #1 will write at /Users/jan-philippfranken/Documents/research/postdoc/ctx-cmp-2023/github-repo/ctx-cmp-2023-local/src/.cache/stas___openwebtext-10k/plain_text/1.0.0/3a8df094c671b4cb63ed0b41f40fb3bd855e9ce2e3765e5df50abcdfb5ec144b/cache-0556692ef34f22f4_00001_of_00004.arrow
[2023-05-16 15:22:21,395][datasets.arrow_dataset][INFO] - Process #2 will write at /Users/jan-philippfranken/Documents/research/postdoc/ctx-cmp-2023/github-repo/ctx-cmp-2023-local/src/.cache/stas___openwebtext-10k/plain_text/1.0.0/3a8df094c671b4cb63ed0b41f40fb3bd855e9ce2e3765e5df50abcdfb5ec144b/cache-0556692ef34f22f4_00002_of_00004.arrow
[2023-05-16 15:22:21,395][datasets.arrow_dataset][INFO] - Process #3 will write at /Users/jan-philippfranken/Documents/research/postdoc/ctx-cmp-2023/github-repo/ctx-cmp-2023-local/src/.cache/stas___openwebtext-10k/plain_text/1.0.0/3a8df094c671b4cb63ed0b41f40fb3bd855e9ce2e3765e5df50abcdfb5ec144b/cache-0556692ef34f22f4_00003_of_00004.arrow
[2023-05-16 15:22:21,405][datasets.arrow_dataset][INFO] - Spawning 4 processes
[2023-05-16 15:22:21,422][datasets.arrow_dataset][INFO] - Caching processed dataset at /Users/jan-philippfranken/Documents/research/postdoc/ctx-cmp-2023/github-repo/ctx-cmp-2023-local/src/.cache/stas___openwebtext-10k/plain_text/1.0.0/3a8df094c671b4cb63ed0b41f40fb3bd855e9ce2e3765e5df50abcdfb5ec144b/cache-0556692ef34f22f4_00001_of_00004.arrow
[2023-05-16 15:22:21,423][datasets.arrow_dataset][INFO] - Caching processed dataset at /Users/jan-philippfranken/Documents/research/postdoc/ctx-cmp-2023/github-repo/ctx-cmp-2023-local/src/.cache/stas___openwebtext-10k/plain_text/1.0.0/3a8df094c671b4cb63ed0b41f40fb3bd855e9ce2e3765e5df50abcdfb5ec144b/cache-0556692ef34f22f4_00000_of_00004.arrow
[2023-05-16 15:22:21,423][datasets.arrow_dataset][INFO] - Caching processed dataset at /Users/jan-philippfranken/Documents/research/postdoc/ctx-cmp-2023/github-repo/ctx-cmp-2023-local/src/.cache/stas___openwebtext-10k/plain_text/1.0.0/3a8df094c671b4cb63ed0b41f40fb3bd855e9ce2e3765e5df50abcdfb5ec144b/cache-0556692ef34f22f4_00002_of_00004.arrow
[2023-05-16 15:22:21,425][datasets.arrow_dataset][INFO] - Caching processed dataset at /Users/jan-philippfranken/Documents/research/postdoc/ctx-cmp-2023/github-repo/ctx-cmp-2023-local/src/.cache/stas___openwebtext-10k/plain_text/1.0.0/3a8df094c671b4cb63ed0b41f40fb3bd855e9ce2e3765e5df50abcdfb5ec144b/cache-0556692ef34f22f4_00003_of_00004.arrow
[2023-05-16 15:22:21,507][datasets.arrow_dataset][INFO] - Concatenating 4 shards
[2023-05-16 15:22:21,514][datasets.arrow_dataset][INFO] - Process #0 will write at /Users/jan-philippfranken/Documents/research/postdoc/ctx-cmp-2023/github-repo/ctx-cmp-2023-local/src/.cache/stas___openwebtext-10k/plain_text/1.0.0/3a8df094c671b4cb63ed0b41f40fb3bd855e9ce2e3765e5df50abcdfb5ec144b/cache-dcdce6a0c71108d0_00000_of_00004.arrow
[2023-05-16 15:22:21,514][datasets.arrow_dataset][INFO] - Process #1 will write at /Users/jan-philippfranken/Documents/research/postdoc/ctx-cmp-2023/github-repo/ctx-cmp-2023-local/src/.cache/stas___openwebtext-10k/plain_text/1.0.0/3a8df094c671b4cb63ed0b41f40fb3bd855e9ce2e3765e5df50abcdfb5ec144b/cache-dcdce6a0c71108d0_00001_of_00004.arrow
[2023-05-16 15:22:21,514][datasets.arrow_dataset][INFO] - Process #2 will write at /Users/jan-philippfranken/Documents/research/postdoc/ctx-cmp-2023/github-repo/ctx-cmp-2023-local/src/.cache/stas___openwebtext-10k/plain_text/1.0.0/3a8df094c671b4cb63ed0b41f40fb3bd855e9ce2e3765e5df50abcdfb5ec144b/cache-dcdce6a0c71108d0_00002_of_00004.arrow
[2023-05-16 15:22:21,514][datasets.arrow_dataset][INFO] - Process #3 will write at /Users/jan-philippfranken/Documents/research/postdoc/ctx-cmp-2023/github-repo/ctx-cmp-2023-local/src/.cache/stas___openwebtext-10k/plain_text/1.0.0/3a8df094c671b4cb63ed0b41f40fb3bd855e9ce2e3765e5df50abcdfb5ec144b/cache-dcdce6a0c71108d0_00003_of_00004.arrow
[2023-05-16 15:22:21,520][datasets.arrow_dataset][INFO] - Spawning 4 processes
[2023-05-16 15:22:21,535][datasets.arrow_dataset][INFO] - Caching processed dataset at /Users/jan-philippfranken/Documents/research/postdoc/ctx-cmp-2023/github-repo/ctx-cmp-2023-local/src/.cache/stas___openwebtext-10k/plain_text/1.0.0/3a8df094c671b4cb63ed0b41f40fb3bd855e9ce2e3765e5df50abcdfb5ec144b/cache-dcdce6a0c71108d0_00000_of_00004.arrow
[2023-05-16 15:22:21,537][datasets.arrow_dataset][INFO] - Caching processed dataset at /Users/jan-philippfranken/Documents/research/postdoc/ctx-cmp-2023/github-repo/ctx-cmp-2023-local/src/.cache/stas___openwebtext-10k/plain_text/1.0.0/3a8df094c671b4cb63ed0b41f40fb3bd855e9ce2e3765e5df50abcdfb5ec144b/cache-dcdce6a0c71108d0_00001_of_00004.arrow
[2023-05-16 15:22:21,537][datasets.arrow_dataset][INFO] - Caching processed dataset at /Users/jan-philippfranken/Documents/research/postdoc/ctx-cmp-2023/github-repo/ctx-cmp-2023-local/src/.cache/stas___openwebtext-10k/plain_text/1.0.0/3a8df094c671b4cb63ed0b41f40fb3bd855e9ce2e3765e5df50abcdfb5ec144b/cache-dcdce6a0c71108d0_00002_of_00004.arrow
[2023-05-16 15:22:21,539][datasets.arrow_dataset][INFO] - Caching processed dataset at /Users/jan-philippfranken/Documents/research/postdoc/ctx-cmp-2023/github-repo/ctx-cmp-2023-local/src/.cache/stas___openwebtext-10k/plain_text/1.0.0/3a8df094c671b4cb63ed0b41f40fb3bd855e9ce2e3765e5df50abcdfb5ec144b/cache-dcdce6a0c71108d0_00003_of_00004.arrow
[2023-05-16 15:22:21,614][datasets.arrow_dataset][INFO] - Concatenating 4 shards
