[2023-05-16 15:27:01,110][arguments][INFO] - Running on DN0a2415f2.SUNet
[2023-05-16 15:27:02,502][datasets.builder][INFO] - No config specified, defaulting to the single config: openwebtext-10k/plain_text
[2023-05-16 15:27:02,502][datasets.info][INFO] - Loading Dataset Infos from /Users/jan-philippfranken/.cache/huggingface/modules/datasets_modules/datasets/stas--openwebtext-10k/3a8df094c671b4cb63ed0b41f40fb3bd855e9ce2e3765e5df50abcdfb5ec144b
[2023-05-16 15:27:02,503][datasets.builder][INFO] - Overwrite dataset info from restored data version.
[2023-05-16 15:27:02,503][datasets.info][INFO] - Loading Dataset info from .cache/stas___openwebtext-10k/plain_text/1.0.0/3a8df094c671b4cb63ed0b41f40fb3bd855e9ce2e3765e5df50abcdfb5ec144b
[2023-05-16 15:27:02,509][datasets.builder][WARNING] - Found cached dataset openwebtext-10k (/Users/jan-philippfranken/Documents/research/postdoc/ctx-cmp-2023/github-repo/ctx-cmp-2023-local/src/.cache/stas___openwebtext-10k/plain_text/1.0.0/3a8df094c671b4cb63ed0b41f40fb3bd855e9ce2e3765e5df50abcdfb5ec144b)
[2023-05-16 15:27:02,509][datasets.info][INFO] - Loading Dataset info from /Users/jan-philippfranken/Documents/research/postdoc/ctx-cmp-2023/github-repo/ctx-cmp-2023-local/src/.cache/stas___openwebtext-10k/plain_text/1.0.0/3a8df094c671b4cb63ed0b41f40fb3bd855e9ce2e3765e5df50abcdfb5ec144b
[2023-05-16 15:27:02,512][datasets.arrow_dataset][WARNING] - Loading cached shuffled indices for dataset at /Users/jan-philippfranken/Documents/research/postdoc/ctx-cmp-2023/github-repo/ctx-cmp-2023-local/src/.cache/stas___openwebtext-10k/plain_text/1.0.0/3a8df094c671b4cb63ed0b41f40fb3bd855e9ce2e3765e5df50abcdfb5ec144b/cache-c870dfed610e27af.arrow
[2023-05-16 15:27:02,515][datasets.arrow_dataset][WARNING] - Loading cached split indices for dataset at /Users/jan-philippfranken/Documents/research/postdoc/ctx-cmp-2023/github-repo/ctx-cmp-2023-local/src/.cache/stas___openwebtext-10k/plain_text/1.0.0/3a8df094c671b4cb63ed0b41f40fb3bd855e9ce2e3765e5df50abcdfb5ec144b/cache-e40662d4fa7192f3.arrow and /Users/jan-philippfranken/Documents/research/postdoc/ctx-cmp-2023/github-repo/ctx-cmp-2023-local/src/.cache/stas___openwebtext-10k/plain_text/1.0.0/3a8df094c671b4cb63ed0b41f40fb3bd855e9ce2e3765e5df50abcdfb5ec144b/cache-b31ad93e4a780d8b.arrow
[2023-05-16 15:27:02,537][datasets.arrow_dataset][INFO] - Process #0 will write at /Users/jan-philippfranken/Documents/research/postdoc/ctx-cmp-2023/github-repo/ctx-cmp-2023-local/src/.cache/stas___openwebtext-10k/plain_text/1.0.0/3a8df094c671b4cb63ed0b41f40fb3bd855e9ce2e3765e5df50abcdfb5ec144b/cache-b51c4223aaa20b34_00000_of_00004.arrow
[2023-05-16 15:27:02,537][datasets.arrow_dataset][INFO] - Process #1 will write at /Users/jan-philippfranken/Documents/research/postdoc/ctx-cmp-2023/github-repo/ctx-cmp-2023-local/src/.cache/stas___openwebtext-10k/plain_text/1.0.0/3a8df094c671b4cb63ed0b41f40fb3bd855e9ce2e3765e5df50abcdfb5ec144b/cache-b51c4223aaa20b34_00001_of_00004.arrow
[2023-05-16 15:27:02,538][datasets.arrow_dataset][INFO] - Process #2 will write at /Users/jan-philippfranken/Documents/research/postdoc/ctx-cmp-2023/github-repo/ctx-cmp-2023-local/src/.cache/stas___openwebtext-10k/plain_text/1.0.0/3a8df094c671b4cb63ed0b41f40fb3bd855e9ce2e3765e5df50abcdfb5ec144b/cache-b51c4223aaa20b34_00002_of_00004.arrow
[2023-05-16 15:27:02,538][datasets.arrow_dataset][INFO] - Process #3 will write at /Users/jan-philippfranken/Documents/research/postdoc/ctx-cmp-2023/github-repo/ctx-cmp-2023-local/src/.cache/stas___openwebtext-10k/plain_text/1.0.0/3a8df094c671b4cb63ed0b41f40fb3bd855e9ce2e3765e5df50abcdfb5ec144b/cache-b51c4223aaa20b34_00003_of_00004.arrow
[2023-05-16 15:27:02,547][datasets.arrow_dataset][INFO] - Spawning 4 processes
[2023-05-16 15:27:02,683][datasets.arrow_dataset][INFO] - Caching processed dataset at /Users/jan-philippfranken/Documents/research/postdoc/ctx-cmp-2023/github-repo/ctx-cmp-2023-local/src/.cache/stas___openwebtext-10k/plain_text/1.0.0/3a8df094c671b4cb63ed0b41f40fb3bd855e9ce2e3765e5df50abcdfb5ec144b/cache-b51c4223aaa20b34_00000_of_00004.arrow
[2023-05-16 15:27:02,706][datasets.arrow_dataset][INFO] - Caching processed dataset at /Users/jan-philippfranken/Documents/research/postdoc/ctx-cmp-2023/github-repo/ctx-cmp-2023-local/src/.cache/stas___openwebtext-10k/plain_text/1.0.0/3a8df094c671b4cb63ed0b41f40fb3bd855e9ce2e3765e5df50abcdfb5ec144b/cache-b51c4223aaa20b34_00001_of_00004.arrow
[2023-05-16 15:27:02,724][datasets.arrow_dataset][INFO] - Caching processed dataset at /Users/jan-philippfranken/Documents/research/postdoc/ctx-cmp-2023/github-repo/ctx-cmp-2023-local/src/.cache/stas___openwebtext-10k/plain_text/1.0.0/3a8df094c671b4cb63ed0b41f40fb3bd855e9ce2e3765e5df50abcdfb5ec144b/cache-b51c4223aaa20b34_00002_of_00004.arrow
[2023-05-16 15:27:02,743][datasets.arrow_dataset][INFO] - Caching processed dataset at /Users/jan-philippfranken/Documents/research/postdoc/ctx-cmp-2023/github-repo/ctx-cmp-2023-local/src/.cache/stas___openwebtext-10k/plain_text/1.0.0/3a8df094c671b4cb63ed0b41f40fb3bd855e9ce2e3765e5df50abcdfb5ec144b/cache-b51c4223aaa20b34_00003_of_00004.arrow
[2023-05-16 15:27:02,852][datasets.arrow_dataset][INFO] - Concatenating 4 shards
[2023-05-16 15:27:02,878][datasets.arrow_dataset][INFO] - Process #0 will write at /Users/jan-philippfranken/Documents/research/postdoc/ctx-cmp-2023/github-repo/ctx-cmp-2023-local/src/.cache/stas___openwebtext-10k/plain_text/1.0.0/3a8df094c671b4cb63ed0b41f40fb3bd855e9ce2e3765e5df50abcdfb5ec144b/cache-491a01af1389e0a1_00000_of_00004.arrow
[2023-05-16 15:27:02,878][datasets.arrow_dataset][INFO] - Process #1 will write at /Users/jan-philippfranken/Documents/research/postdoc/ctx-cmp-2023/github-repo/ctx-cmp-2023-local/src/.cache/stas___openwebtext-10k/plain_text/1.0.0/3a8df094c671b4cb63ed0b41f40fb3bd855e9ce2e3765e5df50abcdfb5ec144b/cache-491a01af1389e0a1_00001_of_00004.arrow
[2023-05-16 15:27:02,878][datasets.arrow_dataset][INFO] - Process #2 will write at /Users/jan-philippfranken/Documents/research/postdoc/ctx-cmp-2023/github-repo/ctx-cmp-2023-local/src/.cache/stas___openwebtext-10k/plain_text/1.0.0/3a8df094c671b4cb63ed0b41f40fb3bd855e9ce2e3765e5df50abcdfb5ec144b/cache-491a01af1389e0a1_00002_of_00004.arrow
[2023-05-16 15:27:02,878][datasets.arrow_dataset][INFO] - Process #3 will write at /Users/jan-philippfranken/Documents/research/postdoc/ctx-cmp-2023/github-repo/ctx-cmp-2023-local/src/.cache/stas___openwebtext-10k/plain_text/1.0.0/3a8df094c671b4cb63ed0b41f40fb3bd855e9ce2e3765e5df50abcdfb5ec144b/cache-491a01af1389e0a1_00003_of_00004.arrow
[2023-05-16 15:27:02,885][datasets.arrow_dataset][INFO] - Spawning 4 processes
[2023-05-16 15:27:02,992][datasets.arrow_dataset][INFO] - Caching processed dataset at /Users/jan-philippfranken/Documents/research/postdoc/ctx-cmp-2023/github-repo/ctx-cmp-2023-local/src/.cache/stas___openwebtext-10k/plain_text/1.0.0/3a8df094c671b4cb63ed0b41f40fb3bd855e9ce2e3765e5df50abcdfb5ec144b/cache-491a01af1389e0a1_00001_of_00004.arrow
[2023-05-16 15:27:03,009][datasets.arrow_dataset][INFO] - Caching processed dataset at /Users/jan-philippfranken/Documents/research/postdoc/ctx-cmp-2023/github-repo/ctx-cmp-2023-local/src/.cache/stas___openwebtext-10k/plain_text/1.0.0/3a8df094c671b4cb63ed0b41f40fb3bd855e9ce2e3765e5df50abcdfb5ec144b/cache-491a01af1389e0a1_00000_of_00004.arrow
[2023-05-16 15:27:03,016][datasets.arrow_dataset][INFO] - Caching processed dataset at /Users/jan-philippfranken/Documents/research/postdoc/ctx-cmp-2023/github-repo/ctx-cmp-2023-local/src/.cache/stas___openwebtext-10k/plain_text/1.0.0/3a8df094c671b4cb63ed0b41f40fb3bd855e9ce2e3765e5df50abcdfb5ec144b/cache-491a01af1389e0a1_00002_of_00004.arrow
[2023-05-16 15:27:03,037][datasets.arrow_dataset][INFO] - Caching processed dataset at /Users/jan-philippfranken/Documents/research/postdoc/ctx-cmp-2023/github-repo/ctx-cmp-2023-local/src/.cache/stas___openwebtext-10k/plain_text/1.0.0/3a8df094c671b4cb63ed0b41f40fb3bd855e9ce2e3765e5df50abcdfb5ec144b/cache-491a01af1389e0a1_00003_of_00004.arrow
[2023-05-16 15:27:03,109][datasets.arrow_dataset][INFO] - Concatenating 4 shards
[2023-05-16 15:27:06,188][datasets.arrow_dataset][INFO] - Process #0 will write at /Users/jan-philippfranken/Documents/research/postdoc/ctx-cmp-2023/github-repo/ctx-cmp-2023-local/src/.cache/stas___openwebtext-10k/plain_text/1.0.0/3a8df094c671b4cb63ed0b41f40fb3bd855e9ce2e3765e5df50abcdfb5ec144b/cache-20ca3768d1a6c710_00000_of_00004.arrow
[2023-05-16 15:27:06,189][datasets.arrow_dataset][INFO] - Process #1 will write at /Users/jan-philippfranken/Documents/research/postdoc/ctx-cmp-2023/github-repo/ctx-cmp-2023-local/src/.cache/stas___openwebtext-10k/plain_text/1.0.0/3a8df094c671b4cb63ed0b41f40fb3bd855e9ce2e3765e5df50abcdfb5ec144b/cache-20ca3768d1a6c710_00001_of_00004.arrow
[2023-05-16 15:27:06,189][datasets.arrow_dataset][INFO] - Process #2 will write at /Users/jan-philippfranken/Documents/research/postdoc/ctx-cmp-2023/github-repo/ctx-cmp-2023-local/src/.cache/stas___openwebtext-10k/plain_text/1.0.0/3a8df094c671b4cb63ed0b41f40fb3bd855e9ce2e3765e5df50abcdfb5ec144b/cache-20ca3768d1a6c710_00002_of_00004.arrow
[2023-05-16 15:27:06,189][datasets.arrow_dataset][INFO] - Process #3 will write at /Users/jan-philippfranken/Documents/research/postdoc/ctx-cmp-2023/github-repo/ctx-cmp-2023-local/src/.cache/stas___openwebtext-10k/plain_text/1.0.0/3a8df094c671b4cb63ed0b41f40fb3bd855e9ce2e3765e5df50abcdfb5ec144b/cache-20ca3768d1a6c710_00003_of_00004.arrow
[2023-05-16 15:27:06,199][datasets.arrow_dataset][INFO] - Spawning 4 processes
[2023-05-16 15:27:06,215][datasets.arrow_dataset][INFO] - Caching processed dataset at /Users/jan-philippfranken/Documents/research/postdoc/ctx-cmp-2023/github-repo/ctx-cmp-2023-local/src/.cache/stas___openwebtext-10k/plain_text/1.0.0/3a8df094c671b4cb63ed0b41f40fb3bd855e9ce2e3765e5df50abcdfb5ec144b/cache-20ca3768d1a6c710_00000_of_00004.arrow
[2023-05-16 15:27:06,215][datasets.arrow_dataset][INFO] - Caching processed dataset at /Users/jan-philippfranken/Documents/research/postdoc/ctx-cmp-2023/github-repo/ctx-cmp-2023-local/src/.cache/stas___openwebtext-10k/plain_text/1.0.0/3a8df094c671b4cb63ed0b41f40fb3bd855e9ce2e3765e5df50abcdfb5ec144b/cache-20ca3768d1a6c710_00001_of_00004.arrow
[2023-05-16 15:27:06,217][datasets.arrow_dataset][INFO] - Caching processed dataset at /Users/jan-philippfranken/Documents/research/postdoc/ctx-cmp-2023/github-repo/ctx-cmp-2023-local/src/.cache/stas___openwebtext-10k/plain_text/1.0.0/3a8df094c671b4cb63ed0b41f40fb3bd855e9ce2e3765e5df50abcdfb5ec144b/cache-20ca3768d1a6c710_00002_of_00004.arrow
[2023-05-16 15:27:06,218][datasets.arrow_dataset][INFO] - Caching processed dataset at /Users/jan-philippfranken/Documents/research/postdoc/ctx-cmp-2023/github-repo/ctx-cmp-2023-local/src/.cache/stas___openwebtext-10k/plain_text/1.0.0/3a8df094c671b4cb63ed0b41f40fb3bd855e9ce2e3765e5df50abcdfb5ec144b/cache-20ca3768d1a6c710_00003_of_00004.arrow
[2023-05-16 15:27:06,293][datasets.arrow_dataset][INFO] - Concatenating 4 shards
[2023-05-16 15:27:06,301][datasets.arrow_dataset][INFO] - Process #0 will write at /Users/jan-philippfranken/Documents/research/postdoc/ctx-cmp-2023/github-repo/ctx-cmp-2023-local/src/.cache/stas___openwebtext-10k/plain_text/1.0.0/3a8df094c671b4cb63ed0b41f40fb3bd855e9ce2e3765e5df50abcdfb5ec144b/cache-ef23ba550d7fd2ae_00000_of_00004.arrow
[2023-05-16 15:27:06,301][datasets.arrow_dataset][INFO] - Process #1 will write at /Users/jan-philippfranken/Documents/research/postdoc/ctx-cmp-2023/github-repo/ctx-cmp-2023-local/src/.cache/stas___openwebtext-10k/plain_text/1.0.0/3a8df094c671b4cb63ed0b41f40fb3bd855e9ce2e3765e5df50abcdfb5ec144b/cache-ef23ba550d7fd2ae_00001_of_00004.arrow
[2023-05-16 15:27:06,301][datasets.arrow_dataset][INFO] - Process #2 will write at /Users/jan-philippfranken/Documents/research/postdoc/ctx-cmp-2023/github-repo/ctx-cmp-2023-local/src/.cache/stas___openwebtext-10k/plain_text/1.0.0/3a8df094c671b4cb63ed0b41f40fb3bd855e9ce2e3765e5df50abcdfb5ec144b/cache-ef23ba550d7fd2ae_00002_of_00004.arrow
[2023-05-16 15:27:06,301][datasets.arrow_dataset][INFO] - Process #3 will write at /Users/jan-philippfranken/Documents/research/postdoc/ctx-cmp-2023/github-repo/ctx-cmp-2023-local/src/.cache/stas___openwebtext-10k/plain_text/1.0.0/3a8df094c671b4cb63ed0b41f40fb3bd855e9ce2e3765e5df50abcdfb5ec144b/cache-ef23ba550d7fd2ae_00003_of_00004.arrow
[2023-05-16 15:27:06,308][datasets.arrow_dataset][INFO] - Spawning 4 processes
[2023-05-16 15:27:06,323][datasets.arrow_dataset][INFO] - Caching processed dataset at /Users/jan-philippfranken/Documents/research/postdoc/ctx-cmp-2023/github-repo/ctx-cmp-2023-local/src/.cache/stas___openwebtext-10k/plain_text/1.0.0/3a8df094c671b4cb63ed0b41f40fb3bd855e9ce2e3765e5df50abcdfb5ec144b/cache-ef23ba550d7fd2ae_00000_of_00004.arrow
[2023-05-16 15:27:06,324][datasets.arrow_dataset][INFO] - Caching processed dataset at /Users/jan-philippfranken/Documents/research/postdoc/ctx-cmp-2023/github-repo/ctx-cmp-2023-local/src/.cache/stas___openwebtext-10k/plain_text/1.0.0/3a8df094c671b4cb63ed0b41f40fb3bd855e9ce2e3765e5df50abcdfb5ec144b/cache-ef23ba550d7fd2ae_00001_of_00004.arrow
[2023-05-16 15:27:06,326][datasets.arrow_dataset][INFO] - Caching processed dataset at /Users/jan-philippfranken/Documents/research/postdoc/ctx-cmp-2023/github-repo/ctx-cmp-2023-local/src/.cache/stas___openwebtext-10k/plain_text/1.0.0/3a8df094c671b4cb63ed0b41f40fb3bd855e9ce2e3765e5df50abcdfb5ec144b/cache-ef23ba550d7fd2ae_00002_of_00004.arrow
[2023-05-16 15:27:06,330][datasets.arrow_dataset][INFO] - Caching processed dataset at /Users/jan-philippfranken/Documents/research/postdoc/ctx-cmp-2023/github-repo/ctx-cmp-2023-local/src/.cache/stas___openwebtext-10k/plain_text/1.0.0/3a8df094c671b4cb63ed0b41f40fb3bd855e9ce2e3765e5df50abcdfb5ec144b/cache-ef23ba550d7fd2ae_00003_of_00004.arrow
[2023-05-16 15:27:06,401][datasets.arrow_dataset][INFO] - Concatenating 4 shards
