[2023-05-16 14:53:26,236][arguments][INFO] - Running on DN0a2415f2.SUNet
[2023-05-16 14:53:27,873][datasets.builder][INFO] - No config specified, defaulting to the single config: openwebtext-10k/plain_text
[2023-05-16 14:53:27,874][datasets.info][INFO] - Loading Dataset Infos from /Users/jan-philippfranken/.cache/huggingface/modules/datasets_modules/datasets/stas--openwebtext-10k/3a8df094c671b4cb63ed0b41f40fb3bd855e9ce2e3765e5df50abcdfb5ec144b
[2023-05-16 14:53:27,875][datasets.builder][INFO] - Overwrite dataset info from restored data version.
[2023-05-16 14:53:27,875][datasets.info][INFO] - Loading Dataset info from .cache/stas___openwebtext-10k/plain_text/1.0.0/3a8df094c671b4cb63ed0b41f40fb3bd855e9ce2e3765e5df50abcdfb5ec144b
[2023-05-16 14:53:27,882][datasets.builder][WARNING] - Found cached dataset openwebtext-10k (/Users/jan-philippfranken/Documents/research/postdoc/ctx-cmp-2023/github-repo/ctx-cmp-2023-local/src/.cache/stas___openwebtext-10k/plain_text/1.0.0/3a8df094c671b4cb63ed0b41f40fb3bd855e9ce2e3765e5df50abcdfb5ec144b)
[2023-05-16 14:53:27,882][datasets.info][INFO] - Loading Dataset info from /Users/jan-philippfranken/Documents/research/postdoc/ctx-cmp-2023/github-repo/ctx-cmp-2023-local/src/.cache/stas___openwebtext-10k/plain_text/1.0.0/3a8df094c671b4cb63ed0b41f40fb3bd855e9ce2e3765e5df50abcdfb5ec144b
[2023-05-16 14:53:27,895][datasets.arrow_dataset][WARNING] - Loading cached split indices for dataset at /Users/jan-philippfranken/Documents/research/postdoc/ctx-cmp-2023/github-repo/ctx-cmp-2023-local/src/.cache/stas___openwebtext-10k/plain_text/1.0.0/3a8df094c671b4cb63ed0b41f40fb3bd855e9ce2e3765e5df50abcdfb5ec144b/cache-cefe7e60d4d5e7fc.arrow and /Users/jan-philippfranken/Documents/research/postdoc/ctx-cmp-2023/github-repo/ctx-cmp-2023-local/src/.cache/stas___openwebtext-10k/plain_text/1.0.0/3a8df094c671b4cb63ed0b41f40fb3bd855e9ce2e3765e5df50abcdfb5ec144b/cache-1e2f48c42e1ea84e.arrow
[2023-05-16 14:53:28,007][datasets.arrow_dataset][INFO] - Process #0 will write at /Users/jan-philippfranken/Documents/research/postdoc/ctx-cmp-2023/github-repo/ctx-cmp-2023-local/src/.cache/stas___openwebtext-10k/plain_text/1.0.0/3a8df094c671b4cb63ed0b41f40fb3bd855e9ce2e3765e5df50abcdfb5ec144b/cache-1ecc7ef9945719d8_00000_of_00004.arrow
[2023-05-16 14:53:28,007][datasets.arrow_dataset][INFO] - Process #1 will write at /Users/jan-philippfranken/Documents/research/postdoc/ctx-cmp-2023/github-repo/ctx-cmp-2023-local/src/.cache/stas___openwebtext-10k/plain_text/1.0.0/3a8df094c671b4cb63ed0b41f40fb3bd855e9ce2e3765e5df50abcdfb5ec144b/cache-1ecc7ef9945719d8_00001_of_00004.arrow
[2023-05-16 14:53:28,007][datasets.arrow_dataset][INFO] - Process #2 will write at /Users/jan-philippfranken/Documents/research/postdoc/ctx-cmp-2023/github-repo/ctx-cmp-2023-local/src/.cache/stas___openwebtext-10k/plain_text/1.0.0/3a8df094c671b4cb63ed0b41f40fb3bd855e9ce2e3765e5df50abcdfb5ec144b/cache-1ecc7ef9945719d8_00002_of_00004.arrow
[2023-05-16 14:53:28,007][datasets.arrow_dataset][INFO] - Process #3 will write at /Users/jan-philippfranken/Documents/research/postdoc/ctx-cmp-2023/github-repo/ctx-cmp-2023-local/src/.cache/stas___openwebtext-10k/plain_text/1.0.0/3a8df094c671b4cb63ed0b41f40fb3bd855e9ce2e3765e5df50abcdfb5ec144b/cache-1ecc7ef9945719d8_00003_of_00004.arrow
[2023-05-16 14:53:28,017][datasets.arrow_dataset][INFO] - Spawning 4 processes
[2023-05-16 14:53:28,488][datasets.arrow_dataset][INFO] - Caching processed dataset at /Users/jan-philippfranken/Documents/research/postdoc/ctx-cmp-2023/github-repo/ctx-cmp-2023-local/src/.cache/stas___openwebtext-10k/plain_text/1.0.0/3a8df094c671b4cb63ed0b41f40fb3bd855e9ce2e3765e5df50abcdfb5ec144b/cache-1ecc7ef9945719d8_00000_of_00004.arrow
[2023-05-16 14:53:28,629][datasets.arrow_dataset][INFO] - Caching processed dataset at /Users/jan-philippfranken/Documents/research/postdoc/ctx-cmp-2023/github-repo/ctx-cmp-2023-local/src/.cache/stas___openwebtext-10k/plain_text/1.0.0/3a8df094c671b4cb63ed0b41f40fb3bd855e9ce2e3765e5df50abcdfb5ec144b/cache-1ecc7ef9945719d8_00001_of_00004.arrow
[2023-05-16 14:53:28,771][datasets.arrow_dataset][INFO] - Caching processed dataset at /Users/jan-philippfranken/Documents/research/postdoc/ctx-cmp-2023/github-repo/ctx-cmp-2023-local/src/.cache/stas___openwebtext-10k/plain_text/1.0.0/3a8df094c671b4cb63ed0b41f40fb3bd855e9ce2e3765e5df50abcdfb5ec144b/cache-1ecc7ef9945719d8_00002_of_00004.arrow
[2023-05-16 14:53:28,918][datasets.arrow_dataset][INFO] - Caching processed dataset at /Users/jan-philippfranken/Documents/research/postdoc/ctx-cmp-2023/github-repo/ctx-cmp-2023-local/src/.cache/stas___openwebtext-10k/plain_text/1.0.0/3a8df094c671b4cb63ed0b41f40fb3bd855e9ce2e3765e5df50abcdfb5ec144b/cache-1ecc7ef9945719d8_00003_of_00004.arrow
[2023-05-16 14:53:34,181][datasets.arrow_dataset][INFO] - Concatenating 4 shards
[2023-05-16 14:53:34,299][datasets.arrow_dataset][INFO] - Process #0 will write at /Users/jan-philippfranken/Documents/research/postdoc/ctx-cmp-2023/github-repo/ctx-cmp-2023-local/src/.cache/stas___openwebtext-10k/plain_text/1.0.0/3a8df094c671b4cb63ed0b41f40fb3bd855e9ce2e3765e5df50abcdfb5ec144b/cache-96b9b2ffe2c973b2_00000_of_00004.arrow
[2023-05-16 14:53:34,299][datasets.arrow_dataset][INFO] - Process #1 will write at /Users/jan-philippfranken/Documents/research/postdoc/ctx-cmp-2023/github-repo/ctx-cmp-2023-local/src/.cache/stas___openwebtext-10k/plain_text/1.0.0/3a8df094c671b4cb63ed0b41f40fb3bd855e9ce2e3765e5df50abcdfb5ec144b/cache-96b9b2ffe2c973b2_00001_of_00004.arrow
[2023-05-16 14:53:34,299][datasets.arrow_dataset][INFO] - Process #2 will write at /Users/jan-philippfranken/Documents/research/postdoc/ctx-cmp-2023/github-repo/ctx-cmp-2023-local/src/.cache/stas___openwebtext-10k/plain_text/1.0.0/3a8df094c671b4cb63ed0b41f40fb3bd855e9ce2e3765e5df50abcdfb5ec144b/cache-96b9b2ffe2c973b2_00002_of_00004.arrow
[2023-05-16 14:53:34,299][datasets.arrow_dataset][INFO] - Process #3 will write at /Users/jan-philippfranken/Documents/research/postdoc/ctx-cmp-2023/github-repo/ctx-cmp-2023-local/src/.cache/stas___openwebtext-10k/plain_text/1.0.0/3a8df094c671b4cb63ed0b41f40fb3bd855e9ce2e3765e5df50abcdfb5ec144b/cache-96b9b2ffe2c973b2_00003_of_00004.arrow
[2023-05-16 14:53:34,307][datasets.arrow_dataset][INFO] - Spawning 4 processes
[2023-05-16 14:53:34,784][datasets.arrow_dataset][INFO] - Caching processed dataset at /Users/jan-philippfranken/Documents/research/postdoc/ctx-cmp-2023/github-repo/ctx-cmp-2023-local/src/.cache/stas___openwebtext-10k/plain_text/1.0.0/3a8df094c671b4cb63ed0b41f40fb3bd855e9ce2e3765e5df50abcdfb5ec144b/cache-96b9b2ffe2c973b2_00000_of_00004.arrow
[2023-05-16 14:53:34,923][datasets.arrow_dataset][INFO] - Caching processed dataset at /Users/jan-philippfranken/Documents/research/postdoc/ctx-cmp-2023/github-repo/ctx-cmp-2023-local/src/.cache/stas___openwebtext-10k/plain_text/1.0.0/3a8df094c671b4cb63ed0b41f40fb3bd855e9ce2e3765e5df50abcdfb5ec144b/cache-96b9b2ffe2c973b2_00001_of_00004.arrow
[2023-05-16 14:53:35,051][datasets.arrow_dataset][INFO] - Caching processed dataset at /Users/jan-philippfranken/Documents/research/postdoc/ctx-cmp-2023/github-repo/ctx-cmp-2023-local/src/.cache/stas___openwebtext-10k/plain_text/1.0.0/3a8df094c671b4cb63ed0b41f40fb3bd855e9ce2e3765e5df50abcdfb5ec144b/cache-96b9b2ffe2c973b2_00002_of_00004.arrow
[2023-05-16 14:53:35,195][datasets.arrow_dataset][INFO] - Caching processed dataset at /Users/jan-philippfranken/Documents/research/postdoc/ctx-cmp-2023/github-repo/ctx-cmp-2023-local/src/.cache/stas___openwebtext-10k/plain_text/1.0.0/3a8df094c671b4cb63ed0b41f40fb3bd855e9ce2e3765e5df50abcdfb5ec144b/cache-96b9b2ffe2c973b2_00003_of_00004.arrow
[2023-05-16 14:53:36,405][datasets.arrow_dataset][INFO] - Concatenating 4 shards
