[2023-05-16 14:58:04,481][arguments][INFO] - Running on DN0a2415f2.SUNet
[2023-05-16 14:58:05,727][datasets.builder][INFO] - No config specified, defaulting to the single config: openwebtext-10k/plain_text
[2023-05-16 14:58:05,728][datasets.info][INFO] - Loading Dataset Infos from /Users/jan-philippfranken/.cache/huggingface/modules/datasets_modules/datasets/stas--openwebtext-10k/3a8df094c671b4cb63ed0b41f40fb3bd855e9ce2e3765e5df50abcdfb5ec144b
[2023-05-16 14:58:05,728][datasets.builder][INFO] - Overwrite dataset info from restored data version.
[2023-05-16 14:58:05,729][datasets.info][INFO] - Loading Dataset info from .cache/stas___openwebtext-10k/plain_text/1.0.0/3a8df094c671b4cb63ed0b41f40fb3bd855e9ce2e3765e5df50abcdfb5ec144b
[2023-05-16 14:58:05,732][datasets.builder][WARNING] - Found cached dataset openwebtext-10k (/Users/jan-philippfranken/Documents/research/postdoc/ctx-cmp-2023/github-repo/ctx-cmp-2023-local/src/.cache/stas___openwebtext-10k/plain_text/1.0.0/3a8df094c671b4cb63ed0b41f40fb3bd855e9ce2e3765e5df50abcdfb5ec144b)
[2023-05-16 14:58:05,733][datasets.info][INFO] - Loading Dataset info from /Users/jan-philippfranken/Documents/research/postdoc/ctx-cmp-2023/github-repo/ctx-cmp-2023-local/src/.cache/stas___openwebtext-10k/plain_text/1.0.0/3a8df094c671b4cb63ed0b41f40fb3bd855e9ce2e3765e5df50abcdfb5ec144b
[2023-05-16 14:58:05,748][datasets.arrow_dataset][WARNING] - Loading cached split indices for dataset at /Users/jan-philippfranken/Documents/research/postdoc/ctx-cmp-2023/github-repo/ctx-cmp-2023-local/src/.cache/stas___openwebtext-10k/plain_text/1.0.0/3a8df094c671b4cb63ed0b41f40fb3bd855e9ce2e3765e5df50abcdfb5ec144b/cache-cefe7e60d4d5e7fc.arrow and /Users/jan-philippfranken/Documents/research/postdoc/ctx-cmp-2023/github-repo/ctx-cmp-2023-local/src/.cache/stas___openwebtext-10k/plain_text/1.0.0/3a8df094c671b4cb63ed0b41f40fb3bd855e9ce2e3765e5df50abcdfb5ec144b/cache-1e2f48c42e1ea84e.arrow
[2023-05-16 14:58:05,883][datasets.arrow_dataset][INFO] - Process #0 will write at /Users/jan-philippfranken/Documents/research/postdoc/ctx-cmp-2023/github-repo/ctx-cmp-2023-local/src/.cache/stas___openwebtext-10k/plain_text/1.0.0/3a8df094c671b4cb63ed0b41f40fb3bd855e9ce2e3765e5df50abcdfb5ec144b/cache-c41139d4541989bb_00000_of_00004.arrow
[2023-05-16 14:58:05,883][datasets.arrow_dataset][INFO] - Process #1 will write at /Users/jan-philippfranken/Documents/research/postdoc/ctx-cmp-2023/github-repo/ctx-cmp-2023-local/src/.cache/stas___openwebtext-10k/plain_text/1.0.0/3a8df094c671b4cb63ed0b41f40fb3bd855e9ce2e3765e5df50abcdfb5ec144b/cache-c41139d4541989bb_00001_of_00004.arrow
[2023-05-16 14:58:05,883][datasets.arrow_dataset][INFO] - Process #2 will write at /Users/jan-philippfranken/Documents/research/postdoc/ctx-cmp-2023/github-repo/ctx-cmp-2023-local/src/.cache/stas___openwebtext-10k/plain_text/1.0.0/3a8df094c671b4cb63ed0b41f40fb3bd855e9ce2e3765e5df50abcdfb5ec144b/cache-c41139d4541989bb_00002_of_00004.arrow
[2023-05-16 14:58:05,883][datasets.arrow_dataset][INFO] - Process #3 will write at /Users/jan-philippfranken/Documents/research/postdoc/ctx-cmp-2023/github-repo/ctx-cmp-2023-local/src/.cache/stas___openwebtext-10k/plain_text/1.0.0/3a8df094c671b4cb63ed0b41f40fb3bd855e9ce2e3765e5df50abcdfb5ec144b/cache-c41139d4541989bb_00003_of_00004.arrow
[2023-05-16 14:58:05,892][datasets.arrow_dataset][INFO] - Spawning 4 processes
[2023-05-16 14:58:06,511][datasets.arrow_dataset][INFO] - Caching processed dataset at /Users/jan-philippfranken/Documents/research/postdoc/ctx-cmp-2023/github-repo/ctx-cmp-2023-local/src/.cache/stas___openwebtext-10k/plain_text/1.0.0/3a8df094c671b4cb63ed0b41f40fb3bd855e9ce2e3765e5df50abcdfb5ec144b/cache-c41139d4541989bb_00000_of_00004.arrow
[2023-05-16 14:58:06,736][datasets.arrow_dataset][INFO] - Caching processed dataset at /Users/jan-philippfranken/Documents/research/postdoc/ctx-cmp-2023/github-repo/ctx-cmp-2023-local/src/.cache/stas___openwebtext-10k/plain_text/1.0.0/3a8df094c671b4cb63ed0b41f40fb3bd855e9ce2e3765e5df50abcdfb5ec144b/cache-c41139d4541989bb_00001_of_00004.arrow
[2023-05-16 14:58:06,922][datasets.arrow_dataset][INFO] - Caching processed dataset at /Users/jan-philippfranken/Documents/research/postdoc/ctx-cmp-2023/github-repo/ctx-cmp-2023-local/src/.cache/stas___openwebtext-10k/plain_text/1.0.0/3a8df094c671b4cb63ed0b41f40fb3bd855e9ce2e3765e5df50abcdfb5ec144b/cache-c41139d4541989bb_00002_of_00004.arrow
[2023-05-16 14:58:07,136][datasets.arrow_dataset][INFO] - Caching processed dataset at /Users/jan-philippfranken/Documents/research/postdoc/ctx-cmp-2023/github-repo/ctx-cmp-2023-local/src/.cache/stas___openwebtext-10k/plain_text/1.0.0/3a8df094c671b4cb63ed0b41f40fb3bd855e9ce2e3765e5df50abcdfb5ec144b/cache-c41139d4541989bb_00003_of_00004.arrow
[2023-05-16 14:58:13,313][datasets.arrow_dataset][INFO] - Concatenating 4 shards
[2023-05-16 14:58:13,441][datasets.arrow_dataset][INFO] - Process #0 will write at /Users/jan-philippfranken/Documents/research/postdoc/ctx-cmp-2023/github-repo/ctx-cmp-2023-local/src/.cache/stas___openwebtext-10k/plain_text/1.0.0/3a8df094c671b4cb63ed0b41f40fb3bd855e9ce2e3765e5df50abcdfb5ec144b/cache-f8158b3855efd532_00000_of_00004.arrow
[2023-05-16 14:58:13,441][datasets.arrow_dataset][INFO] - Process #1 will write at /Users/jan-philippfranken/Documents/research/postdoc/ctx-cmp-2023/github-repo/ctx-cmp-2023-local/src/.cache/stas___openwebtext-10k/plain_text/1.0.0/3a8df094c671b4cb63ed0b41f40fb3bd855e9ce2e3765e5df50abcdfb5ec144b/cache-f8158b3855efd532_00001_of_00004.arrow
[2023-05-16 14:58:13,441][datasets.arrow_dataset][INFO] - Process #2 will write at /Users/jan-philippfranken/Documents/research/postdoc/ctx-cmp-2023/github-repo/ctx-cmp-2023-local/src/.cache/stas___openwebtext-10k/plain_text/1.0.0/3a8df094c671b4cb63ed0b41f40fb3bd855e9ce2e3765e5df50abcdfb5ec144b/cache-f8158b3855efd532_00002_of_00004.arrow
[2023-05-16 14:58:13,441][datasets.arrow_dataset][INFO] - Process #3 will write at /Users/jan-philippfranken/Documents/research/postdoc/ctx-cmp-2023/github-repo/ctx-cmp-2023-local/src/.cache/stas___openwebtext-10k/plain_text/1.0.0/3a8df094c671b4cb63ed0b41f40fb3bd855e9ce2e3765e5df50abcdfb5ec144b/cache-f8158b3855efd532_00003_of_00004.arrow
[2023-05-16 14:58:13,448][datasets.arrow_dataset][INFO] - Spawning 4 processes
[2023-05-16 14:58:13,933][datasets.arrow_dataset][INFO] - Caching processed dataset at /Users/jan-philippfranken/Documents/research/postdoc/ctx-cmp-2023/github-repo/ctx-cmp-2023-local/src/.cache/stas___openwebtext-10k/plain_text/1.0.0/3a8df094c671b4cb63ed0b41f40fb3bd855e9ce2e3765e5df50abcdfb5ec144b/cache-f8158b3855efd532_00000_of_00004.arrow
[2023-05-16 14:58:14,082][datasets.arrow_dataset][INFO] - Caching processed dataset at /Users/jan-philippfranken/Documents/research/postdoc/ctx-cmp-2023/github-repo/ctx-cmp-2023-local/src/.cache/stas___openwebtext-10k/plain_text/1.0.0/3a8df094c671b4cb63ed0b41f40fb3bd855e9ce2e3765e5df50abcdfb5ec144b/cache-f8158b3855efd532_00001_of_00004.arrow
[2023-05-16 14:58:14,236][datasets.arrow_dataset][INFO] - Caching processed dataset at /Users/jan-philippfranken/Documents/research/postdoc/ctx-cmp-2023/github-repo/ctx-cmp-2023-local/src/.cache/stas___openwebtext-10k/plain_text/1.0.0/3a8df094c671b4cb63ed0b41f40fb3bd855e9ce2e3765e5df50abcdfb5ec144b/cache-f8158b3855efd532_00002_of_00004.arrow
[2023-05-16 14:58:14,396][datasets.arrow_dataset][INFO] - Caching processed dataset at /Users/jan-philippfranken/Documents/research/postdoc/ctx-cmp-2023/github-repo/ctx-cmp-2023-local/src/.cache/stas___openwebtext-10k/plain_text/1.0.0/3a8df094c671b4cb63ed0b41f40fb3bd855e9ce2e3765e5df50abcdfb5ec144b/cache-f8158b3855efd532_00003_of_00004.arrow
[2023-05-16 14:58:15,631][datasets.arrow_dataset][INFO] - Concatenating 4 shards
[2023-05-16 14:58:43,784][datasets.arrow_dataset][INFO] - Process #0 will write at /Users/jan-philippfranken/Documents/research/postdoc/ctx-cmp-2023/github-repo/ctx-cmp-2023-local/src/.cache/stas___openwebtext-10k/plain_text/1.0.0/3a8df094c671b4cb63ed0b41f40fb3bd855e9ce2e3765e5df50abcdfb5ec144b/cache-917ad8fcb363391b_00000_of_00004.arrow
[2023-05-16 14:58:43,784][datasets.arrow_dataset][INFO] - Process #1 will write at /Users/jan-philippfranken/Documents/research/postdoc/ctx-cmp-2023/github-repo/ctx-cmp-2023-local/src/.cache/stas___openwebtext-10k/plain_text/1.0.0/3a8df094c671b4cb63ed0b41f40fb3bd855e9ce2e3765e5df50abcdfb5ec144b/cache-917ad8fcb363391b_00001_of_00004.arrow
[2023-05-16 14:58:43,784][datasets.arrow_dataset][INFO] - Process #2 will write at /Users/jan-philippfranken/Documents/research/postdoc/ctx-cmp-2023/github-repo/ctx-cmp-2023-local/src/.cache/stas___openwebtext-10k/plain_text/1.0.0/3a8df094c671b4cb63ed0b41f40fb3bd855e9ce2e3765e5df50abcdfb5ec144b/cache-917ad8fcb363391b_00002_of_00004.arrow
[2023-05-16 14:58:43,784][datasets.arrow_dataset][INFO] - Process #3 will write at /Users/jan-philippfranken/Documents/research/postdoc/ctx-cmp-2023/github-repo/ctx-cmp-2023-local/src/.cache/stas___openwebtext-10k/plain_text/1.0.0/3a8df094c671b4cb63ed0b41f40fb3bd855e9ce2e3765e5df50abcdfb5ec144b/cache-917ad8fcb363391b_00003_of_00004.arrow
[2023-05-16 14:58:43,799][datasets.arrow_dataset][INFO] - Spawning 4 processes
[2023-05-16 14:58:43,851][datasets.arrow_dataset][INFO] - Caching processed dataset at /Users/jan-philippfranken/Documents/research/postdoc/ctx-cmp-2023/github-repo/ctx-cmp-2023-local/src/.cache/stas___openwebtext-10k/plain_text/1.0.0/3a8df094c671b4cb63ed0b41f40fb3bd855e9ce2e3765e5df50abcdfb5ec144b/cache-917ad8fcb363391b_00002_of_00004.arrow
[2023-05-16 14:58:43,851][datasets.arrow_dataset][INFO] - Caching processed dataset at /Users/jan-philippfranken/Documents/research/postdoc/ctx-cmp-2023/github-repo/ctx-cmp-2023-local/src/.cache/stas___openwebtext-10k/plain_text/1.0.0/3a8df094c671b4cb63ed0b41f40fb3bd855e9ce2e3765e5df50abcdfb5ec144b/cache-917ad8fcb363391b_00000_of_00004.arrow
[2023-05-16 14:58:43,851][datasets.arrow_dataset][INFO] - Caching processed dataset at /Users/jan-philippfranken/Documents/research/postdoc/ctx-cmp-2023/github-repo/ctx-cmp-2023-local/src/.cache/stas___openwebtext-10k/plain_text/1.0.0/3a8df094c671b4cb63ed0b41f40fb3bd855e9ce2e3765e5df50abcdfb5ec144b/cache-917ad8fcb363391b_00003_of_00004.arrow
[2023-05-16 14:58:43,851][datasets.arrow_dataset][INFO] - Caching processed dataset at /Users/jan-philippfranken/Documents/research/postdoc/ctx-cmp-2023/github-repo/ctx-cmp-2023-local/src/.cache/stas___openwebtext-10k/plain_text/1.0.0/3a8df094c671b4cb63ed0b41f40fb3bd855e9ce2e3765e5df50abcdfb5ec144b/cache-917ad8fcb363391b_00001_of_00004.arrow
[2023-05-16 14:58:44,593][datasets.arrow_dataset][INFO] - Concatenating 4 shards
[2023-05-16 14:58:44,628][datasets.arrow_dataset][INFO] - Process #0 will write at /Users/jan-philippfranken/Documents/research/postdoc/ctx-cmp-2023/github-repo/ctx-cmp-2023-local/src/.cache/stas___openwebtext-10k/plain_text/1.0.0/3a8df094c671b4cb63ed0b41f40fb3bd855e9ce2e3765e5df50abcdfb5ec144b/cache-77aa06538a8f2832_00000_of_00004.arrow
[2023-05-16 14:58:44,628][datasets.arrow_dataset][INFO] - Process #1 will write at /Users/jan-philippfranken/Documents/research/postdoc/ctx-cmp-2023/github-repo/ctx-cmp-2023-local/src/.cache/stas___openwebtext-10k/plain_text/1.0.0/3a8df094c671b4cb63ed0b41f40fb3bd855e9ce2e3765e5df50abcdfb5ec144b/cache-77aa06538a8f2832_00001_of_00004.arrow
[2023-05-16 14:58:44,628][datasets.arrow_dataset][INFO] - Process #2 will write at /Users/jan-philippfranken/Documents/research/postdoc/ctx-cmp-2023/github-repo/ctx-cmp-2023-local/src/.cache/stas___openwebtext-10k/plain_text/1.0.0/3a8df094c671b4cb63ed0b41f40fb3bd855e9ce2e3765e5df50abcdfb5ec144b/cache-77aa06538a8f2832_00002_of_00004.arrow
[2023-05-16 14:58:44,628][datasets.arrow_dataset][INFO] - Process #3 will write at /Users/jan-philippfranken/Documents/research/postdoc/ctx-cmp-2023/github-repo/ctx-cmp-2023-local/src/.cache/stas___openwebtext-10k/plain_text/1.0.0/3a8df094c671b4cb63ed0b41f40fb3bd855e9ce2e3765e5df50abcdfb5ec144b/cache-77aa06538a8f2832_00003_of_00004.arrow
[2023-05-16 14:58:44,636][datasets.arrow_dataset][INFO] - Spawning 4 processes
[2023-05-16 14:58:44,652][datasets.arrow_dataset][INFO] - Caching processed dataset at /Users/jan-philippfranken/Documents/research/postdoc/ctx-cmp-2023/github-repo/ctx-cmp-2023-local/src/.cache/stas___openwebtext-10k/plain_text/1.0.0/3a8df094c671b4cb63ed0b41f40fb3bd855e9ce2e3765e5df50abcdfb5ec144b/cache-77aa06538a8f2832_00000_of_00004.arrow
[2023-05-16 14:58:44,653][datasets.arrow_dataset][INFO] - Caching processed dataset at /Users/jan-philippfranken/Documents/research/postdoc/ctx-cmp-2023/github-repo/ctx-cmp-2023-local/src/.cache/stas___openwebtext-10k/plain_text/1.0.0/3a8df094c671b4cb63ed0b41f40fb3bd855e9ce2e3765e5df50abcdfb5ec144b/cache-77aa06538a8f2832_00001_of_00004.arrow
[2023-05-16 14:58:44,656][datasets.arrow_dataset][INFO] - Caching processed dataset at /Users/jan-philippfranken/Documents/research/postdoc/ctx-cmp-2023/github-repo/ctx-cmp-2023-local/src/.cache/stas___openwebtext-10k/plain_text/1.0.0/3a8df094c671b4cb63ed0b41f40fb3bd855e9ce2e3765e5df50abcdfb5ec144b/cache-77aa06538a8f2832_00002_of_00004.arrow
[2023-05-16 14:58:44,658][datasets.arrow_dataset][INFO] - Caching processed dataset at /Users/jan-philippfranken/Documents/research/postdoc/ctx-cmp-2023/github-repo/ctx-cmp-2023-local/src/.cache/stas___openwebtext-10k/plain_text/1.0.0/3a8df094c671b4cb63ed0b41f40fb3bd855e9ce2e3765e5df50abcdfb5ec144b/cache-77aa06538a8f2832_00003_of_00004.arrow
[2023-05-16 14:58:44,913][datasets.arrow_dataset][INFO] - Concatenating 4 shards
